DEBUG:Chroma:Logger created
WARNING:root:Created a chunk of size 1073, which is longer than the specified 1000
WARNING:root:Created a chunk of size 1014, which is longer than the specified 1000
WARNING:root:Created a chunk of size 1073, which is longer than the specified 1000
WARNING:root:Created a chunk of size 1014, which is longer than the specified 1000
DEBUG:Chroma:Index not found
DEBUG:Chroma:Index saved to {self._save_folder}/index.bin
DEBUG:Chroma:Index saved to {self._save_folder}/index.bin
DEBUG:Chroma:time to pre process our knn query: 3.0994415283203125e-06
DEBUG:Chroma:time to run knn query: 0.0011529922485351562
DEBUG:Chroma:time to pre process our knn query: 2.86102294921875e-06
DEBUG:Chroma:time to run knn query: 0.0002827644348144531
DEBUG:Chroma:Logger created
DEBUG:Chroma:Index not found
DEBUG:Chroma:Index saved to {self._save_folder}/index.bin
DEBUG:Chroma:Index saved to {self._save_folder}/index.bin
DEBUG:Chroma:time to pre process our knn query: 5.0067901611328125e-06
DEBUG:Chroma:time to run knn query: 0.00033926963806152344
DEBUG:Chroma:time to pre process our knn query: 2.86102294921875e-06
DEBUG:Chroma:time to run knn query: 0.00028324127197265625
DEBUG:Chroma:time to pre process our knn query: 4.76837158203125e-06
DEBUG:Chroma:time to run knn query: 0.0004000663757324219
DEBUG:Chroma:time to pre process our knn query: 3.0994415283203125e-06
DEBUG:Chroma:time to run knn query: 0.00034308433532714844
DEBUG:Chroma:Logger created
DEBUG:Chroma:Index not found
DEBUG:Chroma:Index saved to {self._save_folder}/index.bin
DEBUG:Chroma:Index saved to {self._save_folder}/index.bin
DEBUG:Chroma:time to pre process our knn query: 4.291534423828125e-06
DEBUG:Chroma:time to run knn query: 0.00038886070251464844
DEBUG:Chroma:Logger created
DEBUG:Chroma:Index not found
DEBUG:Chroma:Index saved to {self._save_folder}/index.bin
DEBUG:Chroma:Index saved to {self._save_folder}/index.bin
DEBUG:Chroma:time to pre process our knn query: 2.1457672119140625e-06
DEBUG:Chroma:time to run knn query: 0.00036215782165527344
DEBUG:Chroma:time to pre process our knn query: 3.0994415283203125e-06
DEBUG:Chroma:time to run knn query: 0.007834672927856445
DEBUG:Chroma:Logger created
DEBUG:Chroma:Index not found
DEBUG:Chroma:Index saved to {self._save_folder}/index.bin
DEBUG:Chroma:Index saved to {self._save_folder}/index.bin
DEBUG:Chroma:time to pre process our knn query: 5.0067901611328125e-06
DEBUG:Chroma:time to run knn query: 0.0006079673767089844
DEBUG:Chroma:Index not found
DEBUG:Chroma:Index saved to {self._save_folder}/index.bin
DEBUG:Chroma:Index saved to {self._save_folder}/index.bin
DEBUG:Chroma:time to pre process our knn query: 7.867813110351562e-06
DEBUG:Chroma:time to run knn query: 0.0008041858673095703
DEBUG:Chroma:time to pre process our knn query: 5.0067901611328125e-06
DEBUG:Chroma:time to run knn query: 0.0008640289306640625
DEBUG:Chroma:time to pre process our knn query: 4.0531158447265625e-06
DEBUG:Chroma:time to run knn query: 0.0007679462432861328
